{"function":"IstokenValid","level":"error","line":"17","msg":"token contains an invalid number of segments","time":"2020-11-17T18:54:57+05:30"}
{"function":"IstokenValid","level":"error","line":"17","msg":"token contains an invalid number of segments","time":"2020-11-17T19:19:13+05:30"}
{"function":"IstokenValid","level":"error","line":"17","msg":"token contains an invalid number of segments","time":"2020-11-17T19:26:04+05:30"}
{"function":"IstokenValid","level":"error","line":"17","msg":"token contains an invalid number of segments","time":"2020-11-17T19:38:56+05:30"}
{"function":"IstokenValid","level":"error","line":"17","msg":"token contains an invalid number of segments","time":"2020-11-17T20:15:25+05:30"}
{"function":"IstokenValid","level":"error","line":"17","msg":"token contains an invalid number of segments","time":"2020-11-17T20:22:00+05:30"}
{"function":"IstokenValid","level":"error","line":"17","msg":"token contains an invalid number of segments","time":"2020-11-17T20:29:05+05:30"}
{"function":"IstokenValid","level":"error","line":"17","msg":"token contains an invalid number of segments","time":"2020-11-17T20:38:03+05:30"}
{"function":"IstokenValid","level":"error","line":"17","msg":"token contains an invalid number of segments","time":"2020-11-17T21:18:25+05:30"}
{"function":"IstokenValid","level":"error","line":"17","msg":"token contains an invalid number of segments","time":"2020-11-17T21:28:00+05:30"}
{"function":"GetTables","level":"error","line":"58","msg":"Get rolename failed for   record not found","time":"2020-11-18T21:02:37+05:30"}
{"function":"IstokenValid","level":"error","line":"17","msg":"token contains an invalid number of segments","time":"2020-11-18T21:14:14+05:30"}
{"function":"GetTables","level":"error","line":"58","msg":"Get rolename failed for   record not found","time":"2020-11-18T21:14:30+05:30"}
{"function":"GetTables","level":"error","line":"58","msg":"Get rolename failed for   record not found","time":"2020-11-18T21:17:27+05:30"}
{"function":"GetTables","level":"error","line":"58","msg":"Get rolename failed for   record not found","time":"2020-11-18T21:19:13+05:30"}
{"function":"IstokenValid","level":"error","line":"17","msg":"token contains an invalid number of segments","time":"2020-11-18T21:21:49+05:30"}
{"function":"IstokenValid","level":"error","line":"17","msg":"token contains an invalid number of segments","time":"2020-11-18T21:30:12+05:30"}
{"function":"GetTables","level":"error","line":"58","msg":"Get rolename failed for   record not found","time":"2020-11-18T21:30:56+05:30"}
{"function":"IstokenValid","level":"error","line":"32","msg":"org_id","time":"2020-11-18T21:32:33+05:30"}
{"function":"GetTables","level":"error","line":"58","msg":"Get rolename failed for   record not found","time":"2020-11-18T21:32:33+05:30"}
{"function":"IstokenValid","level":"error","line":"32","msg":"org_idb6533d28-9c4c-443f-8d64-e82b889c8e43","time":"2020-11-18T21:35:00+05:30"}
{"function":"IstokenValid","level":"error","line":"17","msg":"token contains an invalid number of segments","time":"2020-11-18T21:35:44+05:30"}
{"function":"IstokenValid","level":"error","line":"32","msg":"org_idb6533d28-9c4c-443f-8d64-e82b889c8e43","time":"2020-11-18T21:35:59+05:30"}
{"function":"IstokenValid","level":"error","line":"32","msg":"org_idb6533d28-9c4c-443f-8d64-e82b889c8e43","time":"2020-11-18T21:36:04+05:30"}
{"function":"IstokenValid","level":"error","line":"17","msg":"token contains an invalid number of segments","time":"2020-11-18T21:43:41+05:30"}
{"function":"IsAdmin","level":"error","line":"18","msg":"fetchedRole.Nameadmin","time":"2020-11-18T21:51:06+05:30"}
{"function":"IstokenValid","level":"error","line":"17","msg":"token contains an invalid number of segments","time":"2020-11-18T21:59:24+05:30"}
{"function":"IstokenValid","level":"error","line":"17","msg":"token contains an invalid number of segments","time":"2020-11-18T21:59:24+05:30"}
{"function":"IsAdmin","level":"error","line":"18","msg":"fetchedRole.Nameadmin","time":"2020-11-18T22:01:27+05:30"}
{"function":"IsAdmin","level":"error","line":"18","msg":"fetchedRole.Nameadmin","time":"2020-11-18T22:04:30+05:30"}
{"function":"IstokenValid","level":"error","line":"17","msg":"token contains an invalid number of segments","time":"2020-11-18T22:07:45+05:30"}
{"function":"IstokenValid","level":"error","line":"17","msg":"token contains an invalid number of segments","time":"2020-11-18T22:07:45+05:30"}
{"function":"IsAdmin","level":"error","line":"18","msg":"fetchedRole.Nameadmin","time":"2020-11-18T22:11:16+05:30"}
{"function":"IsAdmin","level":"error","line":"18","msg":"fetchedRole.Nameadmin","time":"2020-11-18T22:11:49+05:30"}
{"function":"IsAdmin","level":"error","line":"18","msg":"fetchedRole.Nameadmin","time":"2020-11-20T22:19:05+05:30"}
{"function":"IsAdmin","level":"error","line":"18","msg":"fetchedRole.Nameadmin","time":"2020-11-20T22:21:30+05:30"}
{"function":"IsAdmin","level":"error","line":"18","msg":"fetchedRole.Nameadmin","time":"2020-11-20T22:50:21+05:30"}
{"function":"IsAdmin","level":"error","line":"18","msg":"fetchedRole.Nameadmin","time":"2020-11-20T23:01:36+05:30"}
{"function":"IstokenValid","level":"error","line":"14","msg":"token contains an invalid number of segments","time":"2020-11-20T23:07:10+05:30"}
{"function":"IstokenValid","level":"error","line":"14","msg":"token contains an invalid number of segments","time":"2020-11-20T23:07:10+05:30"}
{"function":"IsAdmin","level":"error","line":"18","msg":"fetchedRole.Nameadmin","time":"2020-11-20T23:08:59+05:30"}
{"function":"IsAdmin","level":"error","line":"18","msg":"fetchedRole.Nameadmin","time":"2020-11-20T23:11:00+05:30"}
{"function":"Login","level":"error","line":"26","msg":" login failed for 4jovin@gmail.com","time":"2020-11-21T21:33:47+05:30"}
{"function":"IsAdmin","level":"error","line":"18","msg":"fetchedRole.Nameadmin","time":"2020-11-21T21:33:57+05:30"}
{"function":"IsAdmin","level":"error","line":"18","msg":"fetchedRole.Nameadmin","time":"2020-11-21T21:34:32+05:30"}
{"function":"IsAdmin","level":"error","line":"18","msg":"fetchedRole.Nameadmin","time":"2020-11-21T21:34:52+05:30"}
{"function":"IstokenValid","level":"error","line":"14","msg":"token contains an invalid number of segments","time":"2020-11-21T21:40:16+05:30"}
{"function":"IstokenValid","level":"error","line":"14","msg":"token contains an invalid number of segments","time":"2020-11-25T21:32:31+05:30"}
{"function":"IstokenValid","level":"error","line":"14","msg":"token contains an invalid number of segments","time":"2020-11-25T21:32:31+05:30"}
{"function":"IstokenValid","level":"error","line":"14","msg":"token contains an invalid number of segments","time":"2020-11-25T21:47:34+05:30"}
{"function":"Add","level":"error","line":"21","msg":"inavlid branch form ","time":"2020-11-25T22:21:43+05:30"}
{"function":"Login","level":"error","line":"27","msg":" login failed for iftar-main","time":"2020-11-26T19:28:24+05:30"}
{"function":"IstokenValid","level":"error","line":"14","msg":"token contains an invalid number of segments","time":"2020-11-26T19:43:07+05:30"}
{"function":"Add","level":"error","line":"18","msg":"inavlid product form ","time":"2020-11-26T19:48:20+05:30"}
{"function":"Add","level":"error","line":"18","msg":"inavlid product form ","time":"2020-11-26T19:48:47+05:30"}
{"function":"IstokenValid","level":"error","line":"14","msg":"token contains an invalid number of segments","time":"2020-11-26T19:53:45+05:30"}
{"function":"Add","level":"error","line":"18","msg":"inavlid product form ","time":"2020-11-26T21:02:17+05:30"}
{"function":"Add","level":"error","line":"18","msg":"inavlid product form ","time":"2020-11-26T21:05:54+05:30"}
{"function":"IstokenValid","level":"error","line":"14","msg":"token contains an invalid number of segments","time":"2020-11-26T21:06:23+05:30"}
{"function":"Add","level":"error","line":"18","msg":"inavlid product form ","time":"2020-11-26T21:06:53+05:30"}
{"function":"Add","level":"error","line":"18","msg":"inavlid product form ","time":"2020-11-26T21:08:14+05:30"}
{"function":"Add","level":"error","line":"18","msg":"inavlid product form ","time":"2020-11-26T21:09:09+05:30"}
{"function":"Add","level":"error","line":"18","msg":"inavlid product form ","time":"2020-11-26T21:10:03+05:30"}
{"function":"Add","level":"error","line":"18","msg":"inavlid product form ","time":"2020-11-26T21:12:49+05:30"}
{"function":"Add","level":"error","line":"18","msg":"inavlid product form ","time":"2020-11-26T21:13:21+05:30"}
{"function":"Add","level":"error","line":"18","msg":"inavlid product form ","time":"2020-11-26T21:16:49+05:30"}
{"function":"Add","level":"error","line":"18","msg":"inavlid product form EOF","time":"2020-11-26T21:18:47+05:30"}
{"function":"Add","level":"error","line":"18","msg":"inavlid product form EOF","time":"2020-11-26T21:20:38+05:30"}
{"function":"Add","level":"error","line":"18","msg":"inavlid product form EOF","time":"2020-11-26T21:21:28+05:30"}
{"function":"Add","level":"error","line":"18","msg":"inavlid product form EOF","time":"2020-11-26T21:21:44+05:30"}
{"function":"IstokenValid","level":"error","line":"14","msg":"token contains an invalid number of segments","time":"2020-11-26T21:45:56+05:30"}
{"function":"IstokenValid","level":"error","line":"14","msg":"token contains an invalid number of segments","time":"2020-11-27T20:58:17+05:30"}
{"function":"IstokenValid","level":"error","line":"14","msg":"token contains an invalid number of segments","time":"2020-11-27T21:17:37+05:30"}
{"function":"IstokenValid","level":"error","line":"14","msg":"token contains an invalid number of segments","time":"2020-11-27T21:30:30+05:30"}
{"function":"IstokenValid","level":"error","line":"14","msg":"token contains an invalid number of segments","time":"2020-11-27T21:41:58+05:30"}
