{"level":"error","msg":"Db failure","time":"2020-10-18T21:30:14+05:30"}
{"level":"error","msg":"open .env: no such file or directory","time":"2020-10-18T21:30:14+05:30"}
{"level":"error","msg":"Invalid type assertion","time":"2020-10-18T21:30:14+05:30"}
{"level":"error","msg":"Db failure","time":"2020-10-18T21:43:05+05:30"}
{"level":"error","msg":"open .env: no such file or directory","time":"2020-10-18T21:43:05+05:30"}
{"level":"error","msg":"Invalid type assertion","time":"2020-10-18T21:43:05+05:30"}
{"level":"error","msg":"Db failure","time":"2020-10-18T21:47:08+05:30"}
{"level":"error","msg":"open .env: no such file or directory","time":"2020-10-18T21:47:08+05:30"}
{"level":"error","msg":"Invalid type assertion","time":"2020-10-18T21:47:08+05:30"}
{"level":"error","msg":"Db failure","time":"2020-10-18T21:53:54+05:30"}
{"level":"error","msg":"Config File \"dev\" Not Found in \"[/home/hexad3cimal/restaurant-table-manager/env]\"","time":"2020-10-18T21:53:54+05:30"}
{"level":"error","msg":"Invalid type assertion","time":"2020-10-18T21:53:54+05:30"}
{"level":"error","msg":"Db failure","time":"2020-10-18T21:54:59+05:30"}
{"level":"error","msg":"Config File \"dev\" Not Found in \"[/home/hexad3cimal/restaurant-table-manager/env]\"","time":"2020-10-18T21:54:59+05:30"}
{"level":"error","msg":"Invalid type assertion","time":"2020-10-18T21:54:59+05:30"}
{"level":"error","msg":"Db failure","time":"2020-10-18T21:56:00+05:30"}
{"level":"error","msg":"Config File \"dev\" Not Found in \"[/home/hexad3cimal/env]\"","time":"2020-10-18T21:56:00+05:30"}
{"level":"error","msg":"Invalid type assertion","time":"2020-10-18T21:56:00+05:30"}
{"level":"error","msg":"Db failure","time":"2020-10-18T21:56:43+05:30"}
{"level":"error","msg":"Config File \"dev1\" Not Found in \"[/home/hexad3cimal/env]\"","time":"2020-10-18T21:56:43+05:30"}
{"level":"error","msg":"Invalid type assertion","time":"2020-10-18T21:56:43+05:30"}
{"level":"error","msg":"Db failure","time":"2020-10-18T22:00:06+05:30"}
{"level":"error","msg":"Invalid type assertion","time":"2020-10-18T22:00:06+05:30"}
{"level":"error","msg":"Db failure","time":"2020-10-18T22:00:28+05:30"}
{"level":"error","msg":"Invalid type assertion","time":"2020-10-18T22:00:28+05:30"}
{"level":"error","msg":"Db failure","time":"2020-10-18T22:01:27+05:30"}
{"level":"error","msg":"Config File \"dev\" Not Found in \"[/home/hexad3cimal/restaurant-table-manager/env]\"","time":"2020-10-18T22:01:27+05:30"}
{"level":"error","msg":"Invalid type assertion","time":"2020-10-18T22:01:27+05:30"}
{"level":"error","msg":"Db failure","time":"2020-10-18T22:01:39+05:30"}
{"level":"error","msg":"Config File \"dev\" Not Found in \"[/home/hexad3cimal/restaurant-table-manager/env]\"","time":"2020-10-18T22:01:39+05:30"}
{"level":"error","msg":"Invalid type assertion","time":"2020-10-18T22:01:39+05:30"}
{"level":"error","msg":"Db failure","time":"2020-10-18T22:01:58+05:30"}
{"level":"error","msg":"Config File \"dev\" Not Found in \"[/home/hexad3cimal/restaurant-table-manager/env]\"","time":"2020-10-18T22:01:58+05:30"}
{"level":"error","msg":"Invalid type assertion","time":"2020-10-18T22:01:58+05:30"}
{"level":"error","msg":"Db failure","time":"2020-10-18T22:02:33+05:30"}
{"level":"error","msg":"Config File \"dev\" Not Found in \"[/home/hexad3cimal/restaurant-table-manager/env]\"","time":"2020-10-18T22:02:33+05:30"}
{"level":"error","msg":"Invalid type assertion","time":"2020-10-18T22:02:33+05:30"}
{"level":"error","msg":"Db failure","time":"2020-10-18T22:02:48+05:30"}
{"level":"error","msg":"Config File \"dev\" Not Found in \"[/home/hexad3cimal/restaurant-table-manager/env]\"","time":"2020-10-18T22:02:48+05:30"}
{"level":"error","msg":"Invalid type assertion","time":"2020-10-18T22:02:48+05:30"}
{"level":"error","msg":"Db failure","time":"2020-10-18T22:03:03+05:30"}
{"level":"error","msg":"Config File \"dev\" Not Found in \"[/home/hexad3cimal/restaurant-table-manager/env]\"","time":"2020-10-18T22:03:03+05:30"}
{"level":"error","msg":"Invalid type assertion","time":"2020-10-18T22:03:03+05:30"}
{"level":"error","msg":"Db failure","time":"2020-10-18T22:03:54+05:30"}
{"level":"error","msg":"Db failure","time":"2020-10-18T22:06:43+05:30"}
{"level":"error","msg":"Invalid type assertion","time":"2020-10-18T22:06:43+05:30"}
{"level":"error","msg":"Db failure","time":"2020-10-18T22:13:42+05:30"}
{"level":"error","msg":"Config File \"dev\" Not Found in \"[/home/hexad3cimal/restaurant-table-manager/env]\"","time":"2020-10-18T22:13:42+05:30"}
{"level":"error","msg":"Db failure","time":"2020-10-18T22:14:27+05:30"}
{"level":"error","msg":"Config File \"dev\" Not Found in \"[/home/hexad3cimal/restaurant-table-manager/env]\"","time":"2020-10-18T22:14:27+05:30"}
{"level":"error","msg":"Db failure","time":"2020-10-18T22:14:38+05:30"}
{"level":"error","msg":"Config File \"dev\" Not Found in \"[/home/hexad3cimal/restaurant-table-manager/env]\"","time":"2020-10-18T22:14:38+05:30"}
{"level":"error","msg":"Db failure","time":"2020-10-18T22:14:56+05:30"}
{"level":"error","msg":"Db failure","time":"2020-10-20T19:33:37+05:30"}
{"level":"error","msg":"Db failure","time":"2020-10-20T19:34:29+05:30"}
{"level":"error","msg":"Db failure","time":"2020-10-20T19:37:09+05:30"}
